============================= test session starts ==============================
platform darwin -- Python 3.11.9, pytest-7.4.3, pluggy-1.3.0
rootdir: /Users/giuliodemattia/Github/DMGiulioRomano/DPT-Data-Personal-Timeline
plugins: hypothesis-6.91.0, cov-4.1.0, anyio-3.7.1, sugar-0.9.7
collected 96 items

tests/commands/test_commands.py FFF                                      [  3%]
tests/dialogs/test_dialogs.py FFF                                        [  6%]
tests/dialogs/test_param_dialog.py FFFF                                  [ 10%]
tests/dialogs/test_rename_dialog.py F                                    [ 11%]
tests/integration/test_complex_event.py F                                [ 12%]
tests/integration/test_dialog_integration.py FF                          [ 14%]
tests/integration/test_event_handling_complex.py FF                      [ 16%]
tests/integration/test_file_operations_advanced.py FF                    [ 18%]
tests/integration/test_file_operations_basic.py F                        [ 19%]
tests/integration/test_view_sync.py FF                                   [ 21%]
tests/performance/test_performance.py FF                                 [ 23%]
tests/performance/test_performance_edge_case.py FF                       [ 26%]
tests/settings/test_settings.py FFFFF                                    [ 31%]
tests/settings/test_settings_dialog.py FF                                [ 33%]
tests/timeline/test_music_items.py FFFFFFFF                              [ 41%]
tests/timeline/test_timeline.py FFFFFF                                   [ 47%]
tests/timeline/test_timeline_container.py FFFFFFFFFF                     [ 58%]
tests/timeline/test_timeline_core.py FF                                  [ 60%]
tests/timeline/test_timeline_edge_cases.py FFF                           [ 63%]
tests/timeline/test_timeline_error_handling.py FF                        [ 65%]
tests/timeline/test_timeline_recovery.py FF                              [ 67%]
tests/timeline/test_timeline_ruler.py FFFFF                              [ 72%]
tests/timeline/test_timeline_specific_behavior.py FFF                    [ 76%]
tests/timeline/test_timeline_stress.py FF                                [ 78%]
tests/timeline/test_timeline_track_header.py FFFFFF                      [ 84%]
tests/timeline/test_timeline_view.py FFFF                                [ 88%]
tests/ui/test_complex_ui.py F                                            [ 89%]
tests/ui/test_main_window.py FFFFFFFF                                    [ 97%]
tests/ui/test_ui_interaction.py FF                                       [100%]

=================================== FAILURES ===================================
____________________ CommandsTest.test_command_stack_limit _____________________

self = <tests.commands.test_commands.CommandsTest testMethod=test_command_stack_limit>

    def setUp(self):
>       super().setUp()

tests/commands/test_commands.py:9: 
_ _ _ _ _ _ _ _ _ _ _ _ _ _ _ _ _ _ _ _ _ _ _ _ _ _ _ _ _ _ _ _ _ _ _ _ _ _ _ _ 
tests/base_test.py:23: in setUp
    from MainWindow import MainWindow
_ _ _ _ _ _ _ _ _ _ _ _ _ _ _ _ _ _ _ _ _ _ _ _ _ _ _ _ _ _ _ _ _ _ _ _ _ _ _ _ 

    import yaml
    import subprocess
    from pathlib import Path
    import os
    from PyQt5.QtCore import Qt
    from PyQt5.QtWidgets import (
        QMainWindow, QVBoxLayout, QPushButton, QWidget, QHBoxLayout,
        QFileDialog, QComboBox, QLineEdit, QLabel, QMessageBox, QTextEdit
    )
    from PyQt5.QtGui import QKeySequence  # Nuovo import
    
>   from .Timeline import *
E   ImportError: attempted relative import with no known parent package

src/MainWindow.py:12: ImportError
________________________ CommandsTest.test_move_command ________________________

self = <tests.commands.test_commands.CommandsTest testMethod=test_move_command>

    def setUp(self):
>       super().setUp()

tests/commands/test_commands.py:9: 
_ _ _ _ _ _ _ _ _ _ _ _ _ _ _ _ _ _ _ _ _ _ _ _ _ _ _ _ _ _ _ _ _ _ _ _ _ _ _ _ 
tests/base_test.py:23: in setUp
    from MainWindow import MainWindow
_ _ _ _ _ _ _ _ _ _ _ _ _ _ _ _ _ _ _ _ _ _ _ _ _ _ _ _ _ _ _ _ _ _ _ _ _ _ _ _ 

    import yaml
    import subprocess
    from pathlib import Path
    import os
    from PyQt5.QtCore import Qt
    from PyQt5.QtWidgets import (
        QMainWindow, QVBoxLayout, QPushButton, QWidget, QHBoxLayout,
        QFileDialog, QComboBox, QLineEdit, QLabel, QMessageBox, QTextEdit
    )
    from PyQt5.QtGui import QKeySequence  # Nuovo import
    
>   from .Timeline import *
E   ImportError: attempted relative import with no known parent package

src/MainWindow.py:12: ImportError
______________________ CommandsTest.test_redo_stack_clear ______________________

self = <tests.commands.test_commands.CommandsTest testMethod=test_redo_stack_clear>

    def setUp(self):
>       super().setUp()

tests/commands/test_commands.py:9: 
_ _ _ _ _ _ _ _ _ _ _ _ _ _ _ _ _ _ _ _ _ _ _ _ _ _ _ _ _ _ _ _ _ _ _ _ _ _ _ _ 
tests/base_test.py:23: in setUp
    from MainWindow import MainWindow
_ _ _ _ _ _ _ _ _ _ _ _ _ _ _ _ _ _ _ _ _ _ _ _ _ _ _ _ _ _ _ _ _ _ _ _ _ _ _ _ 

    import yaml
    import subprocess
    from pathlib import Path
    import os
    from PyQt5.QtCore import Qt
    from PyQt5.QtWidgets import (
        QMainWindow, QVBoxLayout, QPushButton, QWidget, QHBoxLayout,
        QFileDialog, QComboBox, QLineEdit, QLabel, QMessageBox, QTextEdit
    )
    from PyQt5.QtGui import QKeySequence  # Nuovo import
    
>   from .Timeline import *
E   ImportError: attempted relative import with no known parent package

src/MainWindow.py:12: ImportError
_________________________ DialogTest.test_param_dialog _________________________
tests/base_test.py:23: in setUp
    from MainWindow import MainWindow
_ _ _ _ _ _ _ _ _ _ _ _ _ _ _ _ _ _ _ _ _ _ _ _ _ _ _ _ _ _ _ _ _ _ _ _ _ _ _ _ 

    import yaml
    import subprocess
    from pathlib import Path
    import os
    from PyQt5.QtCore import Qt
    from PyQt5.QtWidgets import (
        QMainWindow, QVBoxLayout, QPushButton, QWidget, QHBoxLayout,
        QFileDialog, QComboBox, QLineEdit, QLabel, QMessageBox, QTextEdit
    )
    from PyQt5.QtGui import QKeySequence  # Nuovo import
    
>   from .Timeline import *
E   ImportError: attempted relative import with no known parent package

src/MainWindow.py:12: ImportError
_______________________ DialogTest.test_param_validation _______________________
tests/base_test.py:23: in setUp
    from MainWindow import MainWindow
_ _ _ _ _ _ _ _ _ _ _ _ _ _ _ _ _ _ _ _ _ _ _ _ _ _ _ _ _ _ _ _ _ _ _ _ _ _ _ _ 

    import yaml
    import subprocess
    from pathlib import Path
    import os
    from PyQt5.QtCore import Qt
    from PyQt5.QtWidgets import (
        QMainWindow, QVBoxLayout, QPushButton, QWidget, QHBoxLayout,
        QFileDialog, QComboBox, QLineEdit, QLabel, QMessageBox, QTextEdit
    )
    from PyQt5.QtGui import QKeySequence  # Nuovo import
    
>   from .Timeline import *
E   ImportError: attempted relative import with no known parent package

src/MainWindow.py:12: ImportError
________________________ DialogTest.test_rename_dialog _________________________
tests/base_test.py:23: in setUp
    from MainWindow import MainWindow
_ _ _ _ _ _ _ _ _ _ _ _ _ _ _ _ _ _ _ _ _ _ _ _ _ _ _ _ _ _ _ _ _ _ _ _ _ _ _ _ 

    import yaml
    import subprocess
    from pathlib import Path
    import os
    from PyQt5.QtCore import Qt
    from PyQt5.QtWidgets import (
        QMainWindow, QVBoxLayout, QPushButton, QWidget, QHBoxLayout,
        QFileDialog, QComboBox, QLineEdit, QLabel, QMessageBox, QTextEdit
    )
    from PyQt5.QtGui import QKeySequence  # Nuovo import
    
>   from .Timeline import *
E   ImportError: attempted relative import with no known parent package

src/MainWindow.py:12: ImportError
_____________________ ParamDialogTest.test_color_selection _____________________
tests/base_test.py:23: in setUp
    from MainWindow import MainWindow
_ _ _ _ _ _ _ _ _ _ _ _ _ _ _ _ _ _ _ _ _ _ _ _ _ _ _ _ _ _ _ _ _ _ _ _ _ _ _ _ 

    import yaml
    import subprocess
    from pathlib import Path
    import os
    from PyQt5.QtCore import Qt
    from PyQt5.QtWidgets import (
        QMainWindow, QVBoxLayout, QPushButton, QWidget, QHBoxLayout,
        QFileDialog, QComboBox, QLineEdit, QLabel, QMessageBox, QTextEdit
    )
    from PyQt5.QtGui import QKeySequence  # Nuovo import
    
>   from .Timeline import *
E   ImportError: attempted relative import with no known parent package

src/MainWindow.py:12: ImportError
_______________________ ParamDialogTest.test_key_events ________________________
tests/base_test.py:23: in setUp
    from MainWindow import MainWindow
_ _ _ _ _ _ _ _ _ _ _ _ _ _ _ _ _ _ _ _ _ _ _ _ _ _ _ _ _ _ _ _ _ _ _ _ _ _ _ _ 

    import yaml
    import subprocess
    from pathlib import Path
    import os
    from PyQt5.QtCore import Qt
    from PyQt5.QtWidgets import (
        QMainWindow, QVBoxLayout, QPushButton, QWidget, QHBoxLayout,
        QFileDialog, QComboBox, QLineEdit, QLabel, QMessageBox, QTextEdit
    )
    from PyQt5.QtGui import QKeySequence  # Nuovo import
    
>   from .Timeline import *
E   ImportError: attempted relative import with no known parent package

src/MainWindow.py:12: ImportError
_________________ ParamDialogTest.test_parameter_list_handling _________________
tests/base_test.py:23: in setUp
    from MainWindow import MainWindow
_ _ _ _ _ _ _ _ _ _ _ _ _ _ _ _ _ _ _ _ _ _ _ _ _ _ _ _ _ _ _ _ _ _ _ _ _ _ _ _ 

    import yaml
    import subprocess
    from pathlib import Path
    import os
    from PyQt5.QtCore import Qt
    from PyQt5.QtWidgets import (
        QMainWindow, QVBoxLayout, QPushButton, QWidget, QHBoxLayout,
        QFileDialog, QComboBox, QLineEdit, QLabel, QMessageBox, QTextEdit
    )
    from PyQt5.QtGui import QKeySequence  # Nuovo import
    
>   from .Timeline import *
E   ImportError: attempted relative import with no known parent package

src/MainWindow.py:12: ImportError
__________________ ParamDialogTest.test_parameter_validation ___________________
tests/base_test.py:23: in setUp
    from MainWindow import MainWindow
_ _ _ _ _ _ _ _ _ _ _ _ _ _ _ _ _ _ _ _ _ _ _ _ _ _ _ _ _ _ _ _ _ _ _ _ _ _ _ _ 

    import yaml
    import subprocess
    from pathlib import Path
    import os
    from PyQt5.QtCore import Qt
    from PyQt5.QtWidgets import (
        QMainWindow, QVBoxLayout, QPushButton, QWidget, QHBoxLayout,
        QFileDialog, QComboBox, QLineEdit, QLabel, QMessageBox, QTextEdit
    )
    from PyQt5.QtGui import QKeySequence  # Nuovo import
    
>   from .Timeline import *
E   ImportError: attempted relative import with no known parent package

src/MainWindow.py:12: ImportError
___________________ RenameDialogTest.test_dialog_validation ____________________
tests/base_test.py:23: in setUp
    from MainWindow import MainWindow
_ _ _ _ _ _ _ _ _ _ _ _ _ _ _ _ _ _ _ _ _ _ _ _ _ _ _ _ _ _ _ _ _ _ _ _ _ _ _ _ 

    import yaml
    import subprocess
    from pathlib import Path
    import os
    from PyQt5.QtCore import Qt
    from PyQt5.QtWidgets import (
        QMainWindow, QVBoxLayout, QPushButton, QWidget, QHBoxLayout,
        QFileDialog, QComboBox, QLineEdit, QLabel, QMessageBox, QTextEdit
    )
    from PyQt5.QtGui import QKeySequence  # Nuovo import
    
>   from .Timeline import *
E   ImportError: attempted relative import with no known parent package

src/MainWindow.py:12: ImportError
_________________ ComplexEventTest.test_concurrent_operations __________________
tests/base_test.py:23: in setUp
    from MainWindow import MainWindow
_ _ _ _ _ _ _ _ _ _ _ _ _ _ _ _ _ _ _ _ _ _ _ _ _ _ _ _ _ _ _ _ _ _ _ _ _ _ _ _ 

    import yaml
    import subprocess
    from pathlib import Path
    import os
    from PyQt5.QtCore import Qt
    from PyQt5.QtWidgets import (
        QMainWindow, QVBoxLayout, QPushButton, QWidget, QHBoxLayout,
        QFileDialog, QComboBox, QLineEdit, QLabel, QMessageBox, QTextEdit
    )
    from PyQt5.QtGui import QKeySequence  # Nuovo import
    
>   from .Timeline import *
E   ImportError: attempted relative import with no known parent package

src/MainWindow.py:12: ImportError
___________ DialogIntegrationTest.test_param_dialog_update_timeline ____________
tests/base_test.py:23: in setUp
    from MainWindow import MainWindow
_ _ _ _ _ _ _ _ _ _ _ _ _ _ _ _ _ _ _ _ _ _ _ _ _ _ _ _ _ _ _ _ _ _ _ _ _ _ _ _ 

    import yaml
    import subprocess
    from pathlib import Path
    import os
    from PyQt5.QtCore import Qt
    from PyQt5.QtWidgets import (
        QMainWindow, QVBoxLayout, QPushButton, QWidget, QHBoxLayout,
        QFileDialog, QComboBox, QLineEdit, QLabel, QMessageBox, QTextEdit
    )
    from PyQt5.QtGui import QKeySequence  # Nuovo import
    
>   from .Timeline import *
E   ImportError: attempted relative import with no known parent package

src/MainWindow.py:12: ImportError
____________ DialogIntegrationTest.test_settings_dialog_live_update ____________
tests/base_test.py:23: in setUp
    from MainWindow import MainWindow
_ _ _ _ _ _ _ _ _ _ _ _ _ _ _ _ _ _ _ _ _ _ _ _ _ _ _ _ _ _ _ _ _ _ _ _ _ _ _ _ 

    import yaml
    import subprocess
    from pathlib import Path
    import os
    from PyQt5.QtCore import Qt
    from PyQt5.QtWidgets import (
        QMainWindow, QVBoxLayout, QPushButton, QWidget, QHBoxLayout,
        QFileDialog, QComboBox, QLineEdit, QLabel, QMessageBox, QTextEdit
    )
    from PyQt5.QtGui import QKeySequence  # Nuovo import
    
>   from .Timeline import *
E   ImportError: attempted relative import with no known parent package

src/MainWindow.py:12: ImportError
_____________ ComplexEventHandlingTest.test_multi_track_operations _____________
tests/base_test.py:23: in setUp
    from MainWindow import MainWindow
_ _ _ _ _ _ _ _ _ _ _ _ _ _ _ _ _ _ _ _ _ _ _ _ _ _ _ _ _ _ _ _ _ _ _ _ _ _ _ _ 

    import yaml
    import subprocess
    from pathlib import Path
    import os
    from PyQt5.QtCore import Qt
    from PyQt5.QtWidgets import (
        QMainWindow, QVBoxLayout, QPushButton, QWidget, QHBoxLayout,
        QFileDialog, QComboBox, QLineEdit, QLabel, QMessageBox, QTextEdit
    )
    from PyQt5.QtGui import QKeySequence  # Nuovo import
    
>   from .Timeline import *
E   ImportError: attempted relative import with no known parent package

src/MainWindow.py:12: ImportError
__________ ComplexEventHandlingTest.test_undo_redo_complex_operations __________
tests/base_test.py:23: in setUp
    from MainWindow import MainWindow
_ _ _ _ _ _ _ _ _ _ _ _ _ _ _ _ _ _ _ _ _ _ _ _ _ _ _ _ _ _ _ _ _ _ _ _ _ _ _ _ 

    import yaml
    import subprocess
    from pathlib import Path
    import os
    from PyQt5.QtCore import Qt
    from PyQt5.QtWidgets import (
        QMainWindow, QVBoxLayout, QPushButton, QWidget, QHBoxLayout,
        QFileDialog, QComboBox, QLineEdit, QLabel, QMessageBox, QTextEdit
    )
    from PyQt5.QtGui import QKeySequence  # Nuovo import
    
>   from .Timeline import *
E   ImportError: attempted relative import with no known parent package

src/MainWindow.py:12: ImportError
___________________ AdvancedFileTest.test_autosave_behavior ____________________
tests/base_test.py:23: in setUp
    from MainWindow import MainWindow
_ _ _ _ _ _ _ _ _ _ _ _ _ _ _ _ _ _ _ _ _ _ _ _ _ _ _ _ _ _ _ _ _ _ _ _ _ _ _ _ 

    import yaml
    import subprocess
    from pathlib import Path
    import os
    from PyQt5.QtCore import Qt
    from PyQt5.QtWidgets import (
        QMainWindow, QVBoxLayout, QPushButton, QWidget, QHBoxLayout,
        QFileDialog, QComboBox, QLineEdit, QLabel, QMessageBox, QTextEdit
    )
    from PyQt5.QtGui import QKeySequence  # Nuovo import
    
>   from .Timeline import *
E   ImportError: attempted relative import with no known parent package

src/MainWindow.py:12: ImportError
__________________ AdvancedFileTest.test_file_state_recovery ___________________
tests/base_test.py:23: in setUp
    from MainWindow import MainWindow
_ _ _ _ _ _ _ _ _ _ _ _ _ _ _ _ _ _ _ _ _ _ _ _ _ _ _ _ _ _ _ _ _ _ _ _ _ _ _ _ 

    import yaml
    import subprocess
    from pathlib import Path
    import os
    from PyQt5.QtCore import Qt
    from PyQt5.QtWidgets import (
        QMainWindow, QVBoxLayout, QPushButton, QWidget, QHBoxLayout,
        QFileDialog, QComboBox, QLineEdit, QLabel, QMessageBox, QTextEdit
    )
    from PyQt5.QtGui import QKeySequence  # Nuovo import
    
>   from .Timeline import *
E   ImportError: attempted relative import with no known parent package

src/MainWindow.py:12: ImportError
____________________ FileOperationsTest.test_save_and_load _____________________
tests/base_test.py:23: in setUp
    from MainWindow import MainWindow
_ _ _ _ _ _ _ _ _ _ _ _ _ _ _ _ _ _ _ _ _ _ _ _ _ _ _ _ _ _ _ _ _ _ _ _ _ _ _ _ 

    import yaml
    import subprocess
    from pathlib import Path
    import os
    from PyQt5.QtCore import Qt
    from PyQt5.QtWidgets import (
        QMainWindow, QVBoxLayout, QPushButton, QWidget, QHBoxLayout,
        QFileDialog, QComboBox, QLineEdit, QLabel, QMessageBox, QTextEdit
    )
    from PyQt5.QtGui import QKeySequence  # Nuovo import
    
>   from .Timeline import *
E   ImportError: attempted relative import with no known parent package

src/MainWindow.py:12: ImportError
____________________ ViewSyncTest.test_scroll_sync_complex _____________________
tests/base_test.py:23: in setUp
    from MainWindow import MainWindow
_ _ _ _ _ _ _ _ _ _ _ _ _ _ _ _ _ _ _ _ _ _ _ _ _ _ _ _ _ _ _ _ _ _ _ _ _ _ _ _ 

    import yaml
    import subprocess
    from pathlib import Path
    import os
    from PyQt5.QtCore import Qt
    from PyQt5.QtWidgets import (
        QMainWindow, QVBoxLayout, QPushButton, QWidget, QHBoxLayout,
        QFileDialog, QComboBox, QLineEdit, QLabel, QMessageBox, QTextEdit
    )
    from PyQt5.QtGui import QKeySequence  # Nuovo import
    
>   from .Timeline import *
E   ImportError: attempted relative import with no known parent package

src/MainWindow.py:12: ImportError
_______________________ ViewSyncTest.test_selection_sync _______________________
tests/base_test.py:23: in setUp
    from MainWindow import MainWindow
_ _ _ _ _ _ _ _ _ _ _ _ _ _ _ _ _ _ _ _ _ _ _ _ _ _ _ _ _ _ _ _ _ _ _ _ _ _ _ _ 

    import yaml
    import subprocess
    from pathlib import Path
    import os
    from PyQt5.QtCore import Qt
    from PyQt5.QtWidgets import (
        QMainWindow, QVBoxLayout, QPushButton, QWidget, QHBoxLayout,
        QFileDialog, QComboBox, QLineEdit, QLabel, QMessageBox, QTextEdit
    )
    from PyQt5.QtGui import QKeySequence  # Nuovo import
    
>   from .Timeline import *
E   ImportError: attempted relative import with no known parent package

src/MainWindow.py:12: ImportError
______________________ PerformanceTest.test_memory_usage _______________________
tests/base_test.py:23: in setUp
    from MainWindow import MainWindow
_ _ _ _ _ _ _ _ _ _ _ _ _ _ _ _ _ _ _ _ _ _ _ _ _ _ _ _ _ _ _ _ _ _ _ _ _ _ _ _ 

    import yaml
    import subprocess
    from pathlib import Path
    import os
    from PyQt5.QtCore import Qt
    from PyQt5.QtWidgets import (
        QMainWindow, QVBoxLayout, QPushButton, QWidget, QHBoxLayout,
        QFileDialog, QComboBox, QLineEdit, QLabel, QMessageBox, QTextEdit
    )
    from PyQt5.QtGui import QKeySequence  # Nuovo import
    
>   from .Timeline import *
E   ImportError: attempted relative import with no known parent package

src/MainWindow.py:12: ImportError
____________________ PerformanceTest.test_zoom_performance _____________________
tests/base_test.py:23: in setUp
    from MainWindow import MainWindow
_ _ _ _ _ _ _ _ _ _ _ _ _ _ _ _ _ _ _ _ _ _ _ _ _ _ _ _ _ _ _ _ _ _ _ _ _ _ _ _ 

    import yaml
    import subprocess
    from pathlib import Path
    import os
    from PyQt5.QtCore import Qt
    from PyQt5.QtWidgets import (
        QMainWindow, QVBoxLayout, QPushButton, QWidget, QHBoxLayout,
        QFileDialog, QComboBox, QLineEdit, QLabel, QMessageBox, QTextEdit
    )
    from PyQt5.QtGui import QKeySequence  # Nuovo import
    
>   from .Timeline import *
E   ImportError: attempted relative import with no known parent package

src/MainWindow.py:12: ImportError
___________ PerformanceEdgeCaseTest.test_large_timeline_performance ____________
tests/base_test.py:23: in setUp
    from MainWindow import MainWindow
_ _ _ _ _ _ _ _ _ _ _ _ _ _ _ _ _ _ _ _ _ _ _ _ _ _ _ _ _ _ _ _ _ _ _ _ _ _ _ _ 

    import yaml
    import subprocess
    from pathlib import Path
    import os
    from PyQt5.QtCore import Qt
    from PyQt5.QtWidgets import (
        QMainWindow, QVBoxLayout, QPushButton, QWidget, QHBoxLayout,
        QFileDialog, QComboBox, QLineEdit, QLabel, QMessageBox, QTextEdit
    )
    from PyQt5.QtGui import QKeySequence  # Nuovo import
    
>   from .Timeline import *
E   ImportError: attempted relative import with no known parent package

src/MainWindow.py:12: ImportError
____________ PerformanceEdgeCaseTest.test_rapid_operation_stability ____________
tests/base_test.py:23: in setUp
    from MainWindow import MainWindow
_ _ _ _ _ _ _ _ _ _ _ _ _ _ _ _ _ _ _ _ _ _ _ _ _ _ _ _ _ _ _ _ _ _ _ _ _ _ _ _ 

    import yaml
    import subprocess
    from pathlib import Path
    import os
    from PyQt5.QtCore import Qt
    from PyQt5.QtWidgets import (
        QMainWindow, QVBoxLayout, QPushButton, QWidget, QHBoxLayout,
        QFileDialog, QComboBox, QLineEdit, QLabel, QMessageBox, QTextEdit
    )
    from PyQt5.QtGui import QKeySequence  # Nuovo import
    
>   from .Timeline import *
E   ImportError: attempted relative import with no known parent package

src/MainWindow.py:12: ImportError
______________________ SettingsTest.test_default_settings ______________________

self = <tests.settings.test_settings.SettingsTest testMethod=test_default_settings>

    def setUp(self):
>       super().setUp()

tests/settings/test_settings.py:9: 
_ _ _ _ _ _ _ _ _ _ _ _ _ _ _ _ _ _ _ _ _ _ _ _ _ _ _ _ _ _ _ _ _ _ _ _ _ _ _ _ 
tests/base_test.py:23: in setUp
    from MainWindow import MainWindow
_ _ _ _ _ _ _ _ _ _ _ _ _ _ _ _ _ _ _ _ _ _ _ _ _ _ _ _ _ _ _ _ _ _ _ _ _ _ _ _ 

    import yaml
    import subprocess
    from pathlib import Path
    import os
    from PyQt5.QtCore import Qt
    from PyQt5.QtWidgets import (
        QMainWindow, QVBoxLayout, QPushButton, QWidget, QHBoxLayout,
        QFileDialog, QComboBox, QLineEdit, QLabel, QMessageBox, QTextEdit
    )
    from PyQt5.QtGui import QKeySequence  # Nuovo import
    
>   from .Timeline import *
E   ImportError: attempted relative import with no known parent package

src/MainWindow.py:12: ImportError
______________________ SettingsTest.test_file_permissions ______________________

self = <tests.settings.test_settings.SettingsTest testMethod=test_file_permissions>

    def setUp(self):
>       super().setUp()

tests/settings/test_settings.py:9: 
_ _ _ _ _ _ _ _ _ _ _ _ _ _ _ _ _ _ _ _ _ _ _ _ _ _ _ _ _ _ _ _ _ _ _ _ _ _ _ _ 
tests/base_test.py:23: in setUp
    from MainWindow import MainWindow
_ _ _ _ _ _ _ _ _ _ _ _ _ _ _ _ _ _ _ _ _ _ _ _ _ _ _ _ _ _ _ _ _ _ _ _ _ _ _ _ 

    import yaml
    import subprocess
    from pathlib import Path
    import os
    from PyQt5.QtCore import Qt
    from PyQt5.QtWidgets import (
        QMainWindow, QVBoxLayout, QPushButton, QWidget, QHBoxLayout,
        QFileDialog, QComboBox, QLineEdit, QLabel, QMessageBox, QTextEdit
    )
    from PyQt5.QtGui import QKeySequence  # Nuovo import
    
>   from .Timeline import *
E   ImportError: attempted relative import with no known parent package

src/MainWindow.py:12: ImportError
___________________ SettingsTest.test_missing_settings_file ____________________

self = <tests.settings.test_settings.SettingsTest testMethod=test_missing_settings_file>

    def setUp(self):
>       super().setUp()

tests/settings/test_settings.py:9: 
_ _ _ _ _ _ _ _ _ _ _ _ _ _ _ _ _ _ _ _ _ _ _ _ _ _ _ _ _ _ _ _ _ _ _ _ _ _ _ _ 
tests/base_test.py:23: in setUp
    from MainWindow import MainWindow
_ _ _ _ _ _ _ _ _ _ _ _ _ _ _ _ _ _ _ _ _ _ _ _ _ _ _ _ _ _ _ _ _ _ _ _ _ _ _ _ 

    import yaml
    import subprocess
    from pathlib import Path
    import os
    from PyQt5.QtCore import Qt
    from PyQt5.QtWidgets import (
        QMainWindow, QVBoxLayout, QPushButton, QWidget, QHBoxLayout,
        QFileDialog, QComboBox, QLineEdit, QLabel, QMessageBox, QTextEdit
    )
    from PyQt5.QtGui import QKeySequence  # Nuovo import
    
>   from .Timeline import *
E   ImportError: attempted relative import with no known parent package

src/MainWindow.py:12: ImportError
____________________ SettingsTest.test_settings_persistence ____________________

self = <tests.settings.test_settings.SettingsTest testMethod=test_settings_persistence>

    def setUp(self):
>       super().setUp()

tests/settings/test_settings.py:9: 
_ _ _ _ _ _ _ _ _ _ _ _ _ _ _ _ _ _ _ _ _ _ _ _ _ _ _ _ _ _ _ _ _ _ _ _ _ _ _ _ 
tests/base_test.py:23: in setUp
    from MainWindow import MainWindow
_ _ _ _ _ _ _ _ _ _ _ _ _ _ _ _ _ _ _ _ _ _ _ _ _ _ _ _ _ _ _ _ _ _ _ _ _ _ _ _ 

    import yaml
    import subprocess
    from pathlib import Path
    import os
    from PyQt5.QtCore import Qt
    from PyQt5.QtWidgets import (
        QMainWindow, QVBoxLayout, QPushButton, QWidget, QHBoxLayout,
        QFileDialog, QComboBox, QLineEdit, QLabel, QMessageBox, QTextEdit
    )
    from PyQt5.QtGui import QKeySequence  # Nuovo import
    
>   from .Timeline import *
E   ImportError: attempted relative import with no known parent package

src/MainWindow.py:12: ImportError
______________________ SettingsTest.test_settings_update _______________________

self = <tests.settings.test_settings.SettingsTest testMethod=test_settings_update>

    def setUp(self):
>       super().setUp()

tests/settings/test_settings.py:9: 
_ _ _ _ _ _ _ _ _ _ _ _ _ _ _ _ _ _ _ _ _ _ _ _ _ _ _ _ _ _ _ _ _ _ _ _ _ _ _ _ 
tests/base_test.py:23: in setUp
    from MainWindow import MainWindow
_ _ _ _ _ _ _ _ _ _ _ _ _ _ _ _ _ _ _ _ _ _ _ _ _ _ _ _ _ _ _ _ _ _ _ _ _ _ _ _ 

    import yaml
    import subprocess
    from pathlib import Path
    import os
    from PyQt5.QtCore import Qt
    from PyQt5.QtWidgets import (
        QMainWindow, QVBoxLayout, QPushButton, QWidget, QHBoxLayout,
        QFileDialog, QComboBox, QLineEdit, QLabel, QMessageBox, QTextEdit
    )
    from PyQt5.QtGui import QKeySequence  # Nuovo import
    
>   from .Timeline import *
E   ImportError: attempted relative import with no known parent package

src/MainWindow.py:12: ImportError
____________________ SettingsDialogTest.test_color_settings ____________________
tests/base_test.py:23: in setUp
    from MainWindow import MainWindow
_ _ _ _ _ _ _ _ _ _ _ _ _ _ _ _ _ _ _ _ _ _ _ _ _ _ _ _ _ _ _ _ _ _ _ _ _ _ _ _ 

    import yaml
    import subprocess
    from pathlib import Path
    import os
    from PyQt5.QtCore import Qt
    from PyQt5.QtWidgets import (
        QMainWindow, QVBoxLayout, QPushButton, QWidget, QHBoxLayout,
        QFileDialog, QComboBox, QLineEdit, QLabel, QMessageBox, QTextEdit
    )
    from PyQt5.QtGui import QKeySequence  # Nuovo import
    
>   from .Timeline import *
E   ImportError: attempted relative import with no known parent package

src/MainWindow.py:12: ImportError
_________________ SettingsDialogTest.test_directory_selection __________________
tests/base_test.py:23: in setUp
    from MainWindow import MainWindow
_ _ _ _ _ _ _ _ _ _ _ _ _ _ _ _ _ _ _ _ _ _ _ _ _ _ _ _ _ _ _ _ _ _ _ _ _ _ _ _ 

    import yaml
    import subprocess
    from pathlib import Path
    import os
    from PyQt5.QtCore import Qt
    from PyQt5.QtWidgets import (
        QMainWindow, QVBoxLayout, QPushButton, QWidget, QHBoxLayout,
        QFileDialog, QComboBox, QLineEdit, QLabel, QMessageBox, QTextEdit
    )
    from PyQt5.QtGui import QKeySequence  # Nuovo import
    
>   from .Timeline import *
E   ImportError: attempted relative import with no known parent package

src/MainWindow.py:12: ImportError
_______________________ MusicItemTest.test_color_changes _______________________
tests/base_test.py:23: in setUp
    from MainWindow import MainWindow
_ _ _ _ _ _ _ _ _ _ _ _ _ _ _ _ _ _ _ _ _ _ _ _ _ _ _ _ _ _ _ _ _ _ _ _ _ _ _ _ 

    import yaml
    import subprocess
    from pathlib import Path
    import os
    from PyQt5.QtCore import Qt
    from PyQt5.QtWidgets import (
        QMainWindow, QVBoxLayout, QPushButton, QWidget, QHBoxLayout,
        QFileDialog, QComboBox, QLineEdit, QLabel, QMessageBox, QTextEdit
    )
    from PyQt5.QtGui import QKeySequence  # Nuovo import
    
>   from .Timeline import *
E   ImportError: attempted relative import with no known parent package

src/MainWindow.py:12: ImportError
______________________ MusicItemTest.test_group_movement _______________________
tests/base_test.py:23: in setUp
    from MainWindow import MainWindow
_ _ _ _ _ _ _ _ _ _ _ _ _ _ _ _ _ _ _ _ _ _ _ _ _ _ _ _ _ _ _ _ _ _ _ _ _ _ _ _ 

    import yaml
    import subprocess
    from pathlib import Path
    import os
    from PyQt5.QtCore import Qt
    from PyQt5.QtWidgets import (
        QMainWindow, QVBoxLayout, QPushButton, QWidget, QHBoxLayout,
        QFileDialog, QComboBox, QLineEdit, QLabel, QMessageBox, QTextEdit
    )
    from PyQt5.QtGui import QKeySequence  # Nuovo import
    
>   from .Timeline import *
E   ImportError: attempted relative import with no known parent package

src/MainWindow.py:12: ImportError
_______________________ MusicItemTest.test_item_creation _______________________
tests/base_test.py:23: in setUp
    from MainWindow import MainWindow
_ _ _ _ _ _ _ _ _ _ _ _ _ _ _ _ _ _ _ _ _ _ _ _ _ _ _ _ _ _ _ _ _ _ _ _ _ _ _ _ 

    import yaml
    import subprocess
    from pathlib import Path
    import os
    from PyQt5.QtCore import Qt
    from PyQt5.QtWidgets import (
        QMainWindow, QVBoxLayout, QPushButton, QWidget, QHBoxLayout,
        QFileDialog, QComboBox, QLineEdit, QLabel, QMessageBox, QTextEdit
    )
    from PyQt5.QtGui import QKeySequence  # Nuovo import
    
>   from .Timeline import *
E   ImportError: attempted relative import with no known parent package

src/MainWindow.py:12: ImportError
____________________ MusicItemTest.test_item_height_update _____________________
tests/base_test.py:23: in setUp
    from MainWindow import MainWindow
_ _ _ _ _ _ _ _ _ _ _ _ _ _ _ _ _ _ _ _ _ _ _ _ _ _ _ _ _ _ _ _ _ _ _ _ _ _ _ _ 

    import yaml
    import subprocess
    from pathlib import Path
    import os
    from PyQt5.QtCore import Qt
    from PyQt5.QtWidgets import (
        QMainWindow, QVBoxLayout, QPushButton, QWidget, QHBoxLayout,
        QFileDialog, QComboBox, QLineEdit, QLabel, QMessageBox, QTextEdit
    )
    from PyQt5.QtGui import QKeySequence  # Nuovo import
    
>   from .Timeline import *
E   ImportError: attempted relative import with no known parent package

src/MainWindow.py:12: ImportError
_______________________ MusicItemTest.test_item_scaling ________________________
tests/base_test.py:23: in setUp
    from MainWindow import MainWindow
_ _ _ _ _ _ _ _ _ _ _ _ _ _ _ _ _ _ _ _ _ _ _ _ _ _ _ _ _ _ _ _ _ _ _ _ _ _ _ _ 

    import yaml
    import subprocess
    from pathlib import Path
    import os
    from PyQt5.QtCore import Qt
    from PyQt5.QtWidgets import (
        QMainWindow, QVBoxLayout, QPushButton, QWidget, QHBoxLayout,
        QFileDialog, QComboBox, QLineEdit, QLabel, QMessageBox, QTextEdit
    )
    from PyQt5.QtGui import QKeySequence  # Nuovo import
    
>   from .Timeline import *
E   ImportError: attempted relative import with no known parent package

src/MainWindow.py:12: ImportError
_____________________ MusicItemTest.test_mouse_interaction _____________________
tests/base_test.py:23: in setUp
    from MainWindow import MainWindow
_ _ _ _ _ _ _ _ _ _ _ _ _ _ _ _ _ _ _ _ _ _ _ _ _ _ _ _ _ _ _ _ _ _ _ _ _ _ _ _ 

    import yaml
    import subprocess
    from pathlib import Path
    import os
    from PyQt5.QtCore import Qt
    from PyQt5.QtWidgets import (
        QMainWindow, QVBoxLayout, QPushButton, QWidget, QHBoxLayout,
        QFileDialog, QComboBox, QLineEdit, QLabel, QMessageBox, QTextEdit
    )
    from PyQt5.QtGui import QKeySequence  # Nuovo import
    
>   from .Timeline import *
E   ImportError: attempted relative import with no known parent package

src/MainWindow.py:12: ImportError
_____________________ MusicItemTest.test_parameter_update ______________________
tests/base_test.py:23: in setUp
    from MainWindow import MainWindow
_ _ _ _ _ _ _ _ _ _ _ _ _ _ _ _ _ _ _ _ _ _ _ _ _ _ _ _ _ _ _ _ _ _ _ _ _ _ _ _ 

    import yaml
    import subprocess
    from pathlib import Path
    import os
    from PyQt5.QtCore import Qt
    from PyQt5.QtWidgets import (
        QMainWindow, QVBoxLayout, QPushButton, QWidget, QHBoxLayout,
        QFileDialog, QComboBox, QLineEdit, QLabel, QMessageBox, QTextEdit
    )
    from PyQt5.QtGui import QKeySequence  # Nuovo import
    
>   from .Timeline import *
E   ImportError: attempted relative import with no known parent package

src/MainWindow.py:12: ImportError
_____________________ MusicItemTest.test_text_style_update _____________________
tests/base_test.py:23: in setUp
    from MainWindow import MainWindow
_ _ _ _ _ _ _ _ _ _ _ _ _ _ _ _ _ _ _ _ _ _ _ _ _ _ _ _ _ _ _ _ _ _ _ _ _ _ _ _ 

    import yaml
    import subprocess
    from pathlib import Path
    import os
    from PyQt5.QtCore import Qt
    from PyQt5.QtWidgets import (
        QMainWindow, QVBoxLayout, QPushButton, QWidget, QHBoxLayout,
        QFileDialog, QComboBox, QLineEdit, QLabel, QMessageBox, QTextEdit
    )
    from PyQt5.QtGui import QKeySequence  # Nuovo import
    
>   from .Timeline import *
E   ImportError: attempted relative import with no known parent package

src/MainWindow.py:12: ImportError
_________________ TimelineTest.test_draw_tracks_update_headers _________________
tests/base_test.py:23: in setUp
    from MainWindow import MainWindow
_ _ _ _ _ _ _ _ _ _ _ _ _ _ _ _ _ _ _ _ _ _ _ _ _ _ _ _ _ _ _ _ _ _ _ _ _ _ _ _ 

    import yaml
    import subprocess
    from pathlib import Path
    import os
    from PyQt5.QtCore import Qt
    from PyQt5.QtWidgets import (
        QMainWindow, QVBoxLayout, QPushButton, QWidget, QHBoxLayout,
        QFileDialog, QComboBox, QLineEdit, QLabel, QMessageBox, QTextEdit
    )
    from PyQt5.QtGui import QKeySequence  # Nuovo import
    
>   from .Timeline import *
E   ImportError: attempted relative import with no known parent package

src/MainWindow.py:12: ImportError
___________________ TimelineTest.test_initialize_components ____________________
tests/base_test.py:23: in setUp
    from MainWindow import MainWindow
_ _ _ _ _ _ _ _ _ _ _ _ _ _ _ _ _ _ _ _ _ _ _ _ _ _ _ _ _ _ _ _ _ _ _ _ _ _ _ _ 

    import yaml
    import subprocess
    from pathlib import Path
    import os
    from PyQt5.QtCore import Qt
    from PyQt5.QtWidgets import (
        QMainWindow, QVBoxLayout, QPushButton, QWidget, QHBoxLayout,
        QFileDialog, QComboBox, QLineEdit, QLabel, QMessageBox, QTextEdit
    )
    from PyQt5.QtGui import QKeySequence  # Nuovo import
    
>   from .Timeline import *
E   ImportError: attempted relative import with no known parent package

src/MainWindow.py:12: ImportError
_________________________ TimelineTest.test_move_track _________________________
tests/base_test.py:23: in setUp
    from MainWindow import MainWindow
_ _ _ _ _ _ _ _ _ _ _ _ _ _ _ _ _ _ _ _ _ _ _ _ _ _ _ _ _ _ _ _ _ _ _ _ _ _ _ _ 

    import yaml
    import subprocess
    from pathlib import Path
    import os
    from PyQt5.QtCore import Qt
    from PyQt5.QtWidgets import (
        QMainWindow, QVBoxLayout, QPushButton, QWidget, QHBoxLayout,
        QFileDialog, QComboBox, QLineEdit, QLabel, QMessageBox, QTextEdit
    )
    from PyQt5.QtGui import QKeySequence  # Nuovo import
    
>   from .Timeline import *
E   ImportError: attempted relative import with no known parent package

src/MainWindow.py:12: ImportError
_______________ TimelineTest.test_scale_track_height_constraints _______________
tests/base_test.py:23: in setUp
    from MainWindow import MainWindow
_ _ _ _ _ _ _ _ _ _ _ _ _ _ _ _ _ _ _ _ _ _ _ _ _ _ _ _ _ _ _ _ _ _ _ _ _ _ _ _ 

    import yaml
    import subprocess
    from pathlib import Path
    import os
    from PyQt5.QtCore import Qt
    from PyQt5.QtWidgets import (
        QMainWindow, QVBoxLayout, QPushButton, QWidget, QHBoxLayout,
        QFileDialog, QComboBox, QLineEdit, QLabel, QMessageBox, QTextEdit
    )
    from PyQt5.QtGui import QKeySequence  # Nuovo import
    
>   from .Timeline import *
E   ImportError: attempted relative import with no known parent package

src/MainWindow.py:12: ImportError
_____________________ TimelineTest.test_scene_rect_update ______________________
tests/base_test.py:23: in setUp
    from MainWindow import MainWindow
_ _ _ _ _ _ _ _ _ _ _ _ _ _ _ _ _ _ _ _ _ _ _ _ _ _ _ _ _ _ _ _ _ _ _ _ _ _ _ _ 

    import yaml
    import subprocess
    from pathlib import Path
    import os
    from PyQt5.QtCore import Qt
    from PyQt5.QtWidgets import (
        QMainWindow, QVBoxLayout, QPushButton, QWidget, QHBoxLayout,
        QFileDialog, QComboBox, QLineEdit, QLabel, QMessageBox, QTextEdit
    )
    from PyQt5.QtGui import QKeySequence  # Nuovo import
    
>   from .Timeline import *
E   ImportError: attempted relative import with no known parent package

src/MainWindow.py:12: ImportError
_____________________ TimelineTest.test_track_color_update _____________________
tests/base_test.py:23: in setUp
    from MainWindow import MainWindow
_ _ _ _ _ _ _ _ _ _ _ _ _ _ _ _ _ _ _ _ _ _ _ _ _ _ _ _ _ _ _ _ _ _ _ _ _ _ _ _ 

    import yaml
    import subprocess
    from pathlib import Path
    import os
    from PyQt5.QtCore import Qt
    from PyQt5.QtWidgets import (
        QMainWindow, QVBoxLayout, QPushButton, QWidget, QHBoxLayout,
        QFileDialog, QComboBox, QLineEdit, QLabel, QMessageBox, QTextEdit
    )
    from PyQt5.QtGui import QKeySequence  # Nuovo import
    
>   from .Timeline import *
E   ImportError: attempted relative import with no known parent package

src/MainWindow.py:12: ImportError
________________ TimelineContainerTest.test_header_width_update ________________
tests/base_test.py:23: in setUp
    from MainWindow import MainWindow
_ _ _ _ _ _ _ _ _ _ _ _ _ _ _ _ _ _ _ _ _ _ _ _ _ _ _ _ _ _ _ _ _ _ _ _ _ _ _ _ 

    import yaml
    import subprocess
    from pathlib import Path
    import os
    from PyQt5.QtCore import Qt
    from PyQt5.QtWidgets import (
        QMainWindow, QVBoxLayout, QPushButton, QWidget, QHBoxLayout,
        QFileDialog, QComboBox, QLineEdit, QLabel, QMessageBox, QTextEdit
    )
    from PyQt5.QtGui import QKeySequence  # Nuovo import
    
>   from .Timeline import *
E   ImportError: attempted relative import with no known parent package

src/MainWindow.py:12: ImportError
_________________ TimelineContainerTest.test_initialize_views __________________
tests/base_test.py:23: in setUp
    from MainWindow import MainWindow
_ _ _ _ _ _ _ _ _ _ _ _ _ _ _ _ _ _ _ _ _ _ _ _ _ _ _ _ _ _ _ _ _ _ _ _ _ _ _ _ 

    import yaml
    import subprocess
    from pathlib import Path
    import os
    from PyQt5.QtCore import Qt
    from PyQt5.QtWidgets import (
        QMainWindow, QVBoxLayout, QPushButton, QWidget, QHBoxLayout,
        QFileDialog, QComboBox, QLineEdit, QLabel, QMessageBox, QTextEdit
    )
    from PyQt5.QtGui import QKeySequence  # Nuovo import
    
>   from .Timeline import *
E   ImportError: attempted relative import with no known parent package

src/MainWindow.py:12: ImportError
__________________ TimelineContainerTest.test_keyboard_events __________________
tests/base_test.py:23: in setUp
    from MainWindow import MainWindow
_ _ _ _ _ _ _ _ _ _ _ _ _ _ _ _ _ _ _ _ _ _ _ _ _ _ _ _ _ _ _ _ _ _ _ _ _ _ _ _ 

    import yaml
    import subprocess
    from pathlib import Path
    import os
    from PyQt5.QtCore import Qt
    from PyQt5.QtWidgets import (
        QMainWindow, QVBoxLayout, QPushButton, QWidget, QHBoxLayout,
        QFileDialog, QComboBox, QLineEdit, QLabel, QMessageBox, QTextEdit
    )
    from PyQt5.QtGui import QKeySequence  # Nuovo import
    
>   from .Timeline import *
E   ImportError: attempted relative import with no known parent package

src/MainWindow.py:12: ImportError
___________________ TimelineContainerTest.test_ruler_update ____________________
tests/base_test.py:23: in setUp
    from MainWindow import MainWindow
_ _ _ _ _ _ _ _ _ _ _ _ _ _ _ _ _ _ _ _ _ _ _ _ _ _ _ _ _ _ _ _ _ _ _ _ _ _ _ _ 

    import yaml
    import subprocess
    from pathlib import Path
    import os
    from PyQt5.QtCore import Qt
    from PyQt5.QtWidgets import (
        QMainWindow, QVBoxLayout, QPushButton, QWidget, QHBoxLayout,
        QFileDialog, QComboBox, QLineEdit, QLabel, QMessageBox, QTextEdit
    )
    from PyQt5.QtGui import QKeySequence  # Nuovo import
    
>   from .Timeline import *
E   ImportError: attempted relative import with no known parent package

src/MainWindow.py:12: ImportError
______________ TimelineContainerTest.test_scroll_synchronization _______________
tests/base_test.py:23: in setUp
    from MainWindow import MainWindow
_ _ _ _ _ _ _ _ _ _ _ _ _ _ _ _ _ _ _ _ _ _ _ _ _ _ _ _ _ _ _ _ _ _ _ _ _ _ _ _ 

    import yaml
    import subprocess
    from pathlib import Path
    import os
    from PyQt5.QtCore import Qt
    from PyQt5.QtWidgets import (
        QMainWindow, QVBoxLayout, QPushButton, QWidget, QHBoxLayout,
        QFileDialog, QComboBox, QLineEdit, QLabel, QMessageBox, QTextEdit
    )
    from PyQt5.QtGui import QKeySequence  # Nuovo import
    
>   from .Timeline import *
E   ImportError: attempted relative import with no known parent package

src/MainWindow.py:12: ImportError
_______________ TimelineContainerTest.test_splitter_constraints ________________
tests/base_test.py:23: in setUp
    from MainWindow import MainWindow
_ _ _ _ _ _ _ _ _ _ _ _ _ _ _ _ _ _ _ _ _ _ _ _ _ _ _ _ _ _ _ _ _ _ _ _ _ _ _ _ 

    import yaml
    import subprocess
    from pathlib import Path
    import os
    from PyQt5.QtCore import Qt
    from PyQt5.QtWidgets import (
        QMainWindow, QVBoxLayout, QPushButton, QWidget, QHBoxLayout,
        QFileDialog, QComboBox, QLineEdit, QLabel, QMessageBox, QTextEdit
    )
    from PyQt5.QtGui import QKeySequence  # Nuovo import
    
>   from .Timeline import *
E   ImportError: attempted relative import with no known parent package

src/MainWindow.py:12: ImportError
_________________ TimelineContainerTest.test_splitter_movement _________________
tests/base_test.py:23: in setUp
    from MainWindow import MainWindow
_ _ _ _ _ _ _ _ _ _ _ _ _ _ _ _ _ _ _ _ _ _ _ _ _ _ _ _ _ _ _ _ _ _ _ _ _ _ _ _ 

    import yaml
    import subprocess
    from pathlib import Path
    import os
    from PyQt5.QtCore import Qt
    from PyQt5.QtWidgets import (
        QMainWindow, QVBoxLayout, QPushButton, QWidget, QHBoxLayout,
        QFileDialog, QComboBox, QLineEdit, QLabel, QMessageBox, QTextEdit
    )
    from PyQt5.QtGui import QKeySequence  # Nuovo import
    
>   from .Timeline import *
E   ImportError: attempted relative import with no known parent package

src/MainWindow.py:12: ImportError
_______________ TimelineContainerTest.test_view_synchronization ________________
tests/base_test.py:23: in setUp
    from MainWindow import MainWindow
_ _ _ _ _ _ _ _ _ _ _ _ _ _ _ _ _ _ _ _ _ _ _ _ _ _ _ _ _ _ _ _ _ _ _ _ _ _ _ _ 

    import yaml
    import subprocess
    from pathlib import Path
    import os
    from PyQt5.QtCore import Qt
    from PyQt5.QtWidgets import (
        QMainWindow, QVBoxLayout, QPushButton, QWidget, QHBoxLayout,
        QFileDialog, QComboBox, QLineEdit, QLabel, QMessageBox, QTextEdit
    )
    from PyQt5.QtGui import QKeySequence  # Nuovo import
    
>   from .Timeline import *
E   ImportError: attempted relative import with no known parent package

src/MainWindow.py:12: ImportError
_________________ TimelineContainerTest.test_viewport_margins __________________
tests/base_test.py:23: in setUp
    from MainWindow import MainWindow
_ _ _ _ _ _ _ _ _ _ _ _ _ _ _ _ _ _ _ _ _ _ _ _ _ _ _ _ _ _ _ _ _ _ _ _ _ _ _ _ 

    import yaml
    import subprocess
    from pathlib import Path
    import os
    from PyQt5.QtCore import Qt
    from PyQt5.QtWidgets import (
        QMainWindow, QVBoxLayout, QPushButton, QWidget, QHBoxLayout,
        QFileDialog, QComboBox, QLineEdit, QLabel, QMessageBox, QTextEdit
    )
    from PyQt5.QtGui import QKeySequence  # Nuovo import
    
>   from .Timeline import *
E   ImportError: attempted relative import with no known parent package

src/MainWindow.py:12: ImportError
_______________ TimelineContainerTest.test_views_initialization ________________
tests/base_test.py:23: in setUp
    from MainWindow import MainWindow
_ _ _ _ _ _ _ _ _ _ _ _ _ _ _ _ _ _ _ _ _ _ _ _ _ _ _ _ _ _ _ _ _ _ _ _ _ _ _ _ 

    import yaml
    import subprocess
    from pathlib import Path
    import os
    from PyQt5.QtCore import Qt
    from PyQt5.QtWidgets import (
        QMainWindow, QVBoxLayout, QPushButton, QWidget, QHBoxLayout,
        QFileDialog, QComboBox, QLineEdit, QLabel, QMessageBox, QTextEdit
    )
    from PyQt5.QtGui import QKeySequence  # Nuovo import
    
>   from .Timeline import *
E   ImportError: attempted relative import with no known parent package

src/MainWindow.py:12: ImportError
____________________ TimelineCoreTest.test_track_management ____________________
tests/base_test.py:23: in setUp
    from MainWindow import MainWindow
_ _ _ _ _ _ _ _ _ _ _ _ _ _ _ _ _ _ _ _ _ _ _ _ _ _ _ _ _ _ _ _ _ _ _ _ _ _ _ _ 

    import yaml
    import subprocess
    from pathlib import Path
    import os
    from PyQt5.QtCore import Qt
    from PyQt5.QtWidgets import (
        QMainWindow, QVBoxLayout, QPushButton, QWidget, QHBoxLayout,
        QFileDialog, QComboBox, QLineEdit, QLabel, QMessageBox, QTextEdit
    )
    from PyQt5.QtGui import QKeySequence  # Nuovo import
    
>   from .Timeline import *
E   ImportError: attempted relative import with no known parent package

src/MainWindow.py:12: ImportError
___________________ TimelineCoreTest.test_zoom_functionality ___________________
tests/base_test.py:23: in setUp
    from MainWindow import MainWindow
_ _ _ _ _ _ _ _ _ _ _ _ _ _ _ _ _ _ _ _ _ _ _ _ _ _ _ _ _ _ _ _ _ _ _ _ _ _ _ _ 

    import yaml
    import subprocess
    from pathlib import Path
    import os
    from PyQt5.QtCore import Qt
    from PyQt5.QtWidgets import (
        QMainWindow, QVBoxLayout, QPushButton, QWidget, QHBoxLayout,
        QFileDialog, QComboBox, QLineEdit, QLabel, QMessageBox, QTextEdit
    )
    from PyQt5.QtGui import QKeySequence  # Nuovo import
    
>   from .Timeline import *
E   ImportError: attempted relative import with no known parent package

src/MainWindow.py:12: ImportError
____________________ EdgeCasesTest.test_boundary_movements _____________________
tests/base_test.py:23: in setUp
    from MainWindow import MainWindow
_ _ _ _ _ _ _ _ _ _ _ _ _ _ _ _ _ _ _ _ _ _ _ _ _ _ _ _ _ _ _ _ _ _ _ _ _ _ _ _ 

    import yaml
    import subprocess
    from pathlib import Path
    import os
    from PyQt5.QtCore import Qt
    from PyQt5.QtWidgets import (
        QMainWindow, QVBoxLayout, QPushButton, QWidget, QHBoxLayout,
        QFileDialog, QComboBox, QLineEdit, QLabel, QMessageBox, QTextEdit
    )
    from PyQt5.QtGui import QKeySequence  # Nuovo import
    
>   from .Timeline import *
E   ImportError: attempted relative import with no known parent package

src/MainWindow.py:12: ImportError
_____________________ EdgeCasesTest.test_invalid_file_load _____________________
tests/base_test.py:23: in setUp
    from MainWindow import MainWindow
_ _ _ _ _ _ _ _ _ _ _ _ _ _ _ _ _ _ _ _ _ _ _ _ _ _ _ _ _ _ _ _ _ _ _ _ _ _ _ _ 

    import yaml
    import subprocess
    from pathlib import Path
    import os
    from PyQt5.QtCore import Qt
    from PyQt5.QtWidgets import (
        QMainWindow, QVBoxLayout, QPushButton, QWidget, QHBoxLayout,
        QFileDialog, QComboBox, QLineEdit, QLabel, QMessageBox, QTextEdit
    )
    from PyQt5.QtGui import QKeySequence  # Nuovo import
    
>   from .Timeline import *
E   ImportError: attempted relative import with no known parent package

src/MainWindow.py:12: ImportError
___________________ EdgeCasesTest.test_item_overlap_behavior ___________________
tests/base_test.py:23: in setUp
    from MainWindow import MainWindow
_ _ _ _ _ _ _ _ _ _ _ _ _ _ _ _ _ _ _ _ _ _ _ _ _ _ _ _ _ _ _ _ _ _ _ _ _ _ _ _ 

    import yaml
    import subprocess
    from pathlib import Path
    import os
    from PyQt5.QtCore import Qt
    from PyQt5.QtWidgets import (
        QMainWindow, QVBoxLayout, QPushButton, QWidget, QHBoxLayout,
        QFileDialog, QComboBox, QLineEdit, QLabel, QMessageBox, QTextEdit
    )
    from PyQt5.QtGui import QKeySequence  # Nuovo import
    
>   from .Timeline import *
E   ImportError: attempted relative import with no known parent package

src/MainWindow.py:12: ImportError
__________________ ErrorHandlingTest.test_corrupted_settings ___________________
tests/base_test.py:23: in setUp
    from MainWindow import MainWindow
_ _ _ _ _ _ _ _ _ _ _ _ _ _ _ _ _ _ _ _ _ _ _ _ _ _ _ _ _ _ _ _ _ _ _ _ _ _ _ _ 

    import yaml
    import subprocess
    from pathlib import Path
    import os
    from PyQt5.QtCore import Qt
    from PyQt5.QtWidgets import (
        QMainWindow, QVBoxLayout, QPushButton, QWidget, QHBoxLayout,
        QFileDialog, QComboBox, QLineEdit, QLabel, QMessageBox, QTextEdit
    )
    from PyQt5.QtGui import QKeySequence  # Nuovo import
    
>   from .Timeline import *
E   ImportError: attempted relative import with no known parent package

src/MainWindow.py:12: ImportError
________________ ErrorHandlingTest.test_invalid_file_operations ________________
tests/base_test.py:23: in setUp
    from MainWindow import MainWindow
_ _ _ _ _ _ _ _ _ _ _ _ _ _ _ _ _ _ _ _ _ _ _ _ _ _ _ _ _ _ _ _ _ _ _ _ _ _ _ _ 

    import yaml
    import subprocess
    from pathlib import Path
    import os
    from PyQt5.QtCore import Qt
    from PyQt5.QtWidgets import (
        QMainWindow, QVBoxLayout, QPushButton, QWidget, QHBoxLayout,
        QFileDialog, QComboBox, QLineEdit, QLabel, QMessageBox, QTextEdit
    )
    from PyQt5.QtGui import QKeySequence  # Nuovo import
    
>   from .Timeline import *
E   ImportError: attempted relative import with no known parent package

src/MainWindow.py:12: ImportError
__________________ RecoveryTest.test_corrupted_file_recovery ___________________
tests/base_test.py:23: in setUp
    from MainWindow import MainWindow
_ _ _ _ _ _ _ _ _ _ _ _ _ _ _ _ _ _ _ _ _ _ _ _ _ _ _ _ _ _ _ _ _ _ _ _ _ _ _ _ 

    import yaml
    import subprocess
    from pathlib import Path
    import os
    from PyQt5.QtCore import Qt
    from PyQt5.QtWidgets import (
        QMainWindow, QVBoxLayout, QPushButton, QWidget, QHBoxLayout,
        QFileDialog, QComboBox, QLineEdit, QLabel, QMessageBox, QTextEdit
    )
    from PyQt5.QtGui import QKeySequence  # Nuovo import
    
>   from .Timeline import *
E   ImportError: attempted relative import with no known parent package

src/MainWindow.py:12: ImportError
_________________ RecoveryTest.test_invalid_parameter_recovery _________________
tests/base_test.py:23: in setUp
    from MainWindow import MainWindow
_ _ _ _ _ _ _ _ _ _ _ _ _ _ _ _ _ _ _ _ _ _ _ _ _ _ _ _ _ _ _ _ _ _ _ _ _ _ _ _ 

    import yaml
    import subprocess
    from pathlib import Path
    import os
    from PyQt5.QtCore import Qt
    from PyQt5.QtWidgets import (
        QMainWindow, QVBoxLayout, QPushButton, QWidget, QHBoxLayout,
        QFileDialog, QComboBox, QLineEdit, QLabel, QMessageBox, QTextEdit
    )
    from PyQt5.QtGui import QKeySequence  # Nuovo import
    
>   from .Timeline import *
E   ImportError: attempted relative import with no known parent package

src/MainWindow.py:12: ImportError
_____________________ TimelineRulerTest.test_color_update ______________________

self = <tests.timeline.test_timeline_ruler.TimelineRulerTest testMethod=test_color_update>

    def setUp(self):
>       super().setUp()

tests/timeline/test_timeline_ruler.py:10: 
_ _ _ _ _ _ _ _ _ _ _ _ _ _ _ _ _ _ _ _ _ _ _ _ _ _ _ _ _ _ _ _ _ _ _ _ _ _ _ _ 
tests/base_test.py:23: in setUp
    from MainWindow import MainWindow
_ _ _ _ _ _ _ _ _ _ _ _ _ _ _ _ _ _ _ _ _ _ _ _ _ _ _ _ _ _ _ _ _ _ _ _ _ _ _ _ 

    import yaml
    import subprocess
    from pathlib import Path
    import os
    from PyQt5.QtCore import Qt
    from PyQt5.QtWidgets import (
        QMainWindow, QVBoxLayout, QPushButton, QWidget, QHBoxLayout,
        QFileDialog, QComboBox, QLineEdit, QLabel, QMessageBox, QTextEdit
    )
    from PyQt5.QtGui import QKeySequence  # Nuovo import
    
>   from .Timeline import *
E   ImportError: attempted relative import with no known parent package

src/MainWindow.py:12: ImportError
_________________ TimelineRulerTest.test_interval_calculation __________________

self = <tests.timeline.test_timeline_ruler.TimelineRulerTest testMethod=test_interval_calculation>

    def setUp(self):
>       super().setUp()

tests/timeline/test_timeline_ruler.py:10: 
_ _ _ _ _ _ _ _ _ _ _ _ _ _ _ _ _ _ _ _ _ _ _ _ _ _ _ _ _ _ _ _ _ _ _ _ _ _ _ _ 
tests/base_test.py:23: in setUp
    from MainWindow import MainWindow
_ _ _ _ _ _ _ _ _ _ _ _ _ _ _ _ _ _ _ _ _ _ _ _ _ _ _ _ _ _ _ _ _ _ _ _ _ _ _ _ 

    import yaml
    import subprocess
    from pathlib import Path
    import os
    from PyQt5.QtCore import Qt
    from PyQt5.QtWidgets import (
        QMainWindow, QVBoxLayout, QPushButton, QWidget, QHBoxLayout,
        QFileDialog, QComboBox, QLineEdit, QLabel, QMessageBox, QTextEdit
    )
    from PyQt5.QtGui import QKeySequence  # Nuovo import
    
>   from .Timeline import *
E   ImportError: attempted relative import with no known parent package

src/MainWindow.py:12: ImportError
___________________ TimelineRulerTest.test_ruler_scroll_sync ___________________

self = <tests.timeline.test_timeline_ruler.TimelineRulerTest testMethod=test_ruler_scroll_sync>

    def setUp(self):
>       super().setUp()

tests/timeline/test_timeline_ruler.py:10: 
_ _ _ _ _ _ _ _ _ _ _ _ _ _ _ _ _ _ _ _ _ _ _ _ _ _ _ _ _ _ _ _ _ _ _ _ _ _ _ _ 
tests/base_test.py:23: in setUp
    from MainWindow import MainWindow
_ _ _ _ _ _ _ _ _ _ _ _ _ _ _ _ _ _ _ _ _ _ _ _ _ _ _ _ _ _ _ _ _ _ _ _ _ _ _ _ 

    import yaml
    import subprocess
    from pathlib import Path
    import os
    from PyQt5.QtCore import Qt
    from PyQt5.QtWidgets import (
        QMainWindow, QVBoxLayout, QPushButton, QWidget, QHBoxLayout,
        QFileDialog, QComboBox, QLineEdit, QLabel, QMessageBox, QTextEdit
    )
    from PyQt5.QtGui import QKeySequence  # Nuovo import
    
>   from .Timeline import *
E   ImportError: attempted relative import with no known parent package

src/MainWindow.py:12: ImportError
____________________ TimelineRulerTest.test_ruler_zoom_sync ____________________

self = <tests.timeline.test_timeline_ruler.TimelineRulerTest testMethod=test_ruler_zoom_sync>

    def setUp(self):
>       super().setUp()

tests/timeline/test_timeline_ruler.py:10: 
_ _ _ _ _ _ _ _ _ _ _ _ _ _ _ _ _ _ _ _ _ _ _ _ _ _ _ _ _ _ _ _ _ _ _ _ _ _ _ _ 
tests/base_test.py:23: in setUp
    from MainWindow import MainWindow
_ _ _ _ _ _ _ _ _ _ _ _ _ _ _ _ _ _ _ _ _ _ _ _ _ _ _ _ _ _ _ _ _ _ _ _ _ _ _ _ 

    import yaml
    import subprocess
    from pathlib import Path
    import os
    from PyQt5.QtCore import Qt
    from PyQt5.QtWidgets import (
        QMainWindow, QVBoxLayout, QPushButton, QWidget, QHBoxLayout,
        QFileDialog, QComboBox, QLineEdit, QLabel, QMessageBox, QTextEdit
    )
    from PyQt5.QtGui import QKeySequence  # Nuovo import
    
>   from .Timeline import *
E   ImportError: attempted relative import with no known parent package

src/MainWindow.py:12: ImportError
_____________________ TimelineRulerTest.test_time_markers ______________________

self = <tests.timeline.test_timeline_ruler.TimelineRulerTest testMethod=test_time_markers>

    def setUp(self):
>       super().setUp()

tests/timeline/test_timeline_ruler.py:10: 
_ _ _ _ _ _ _ _ _ _ _ _ _ _ _ _ _ _ _ _ _ _ _ _ _ _ _ _ _ _ _ _ _ _ _ _ _ _ _ _ 
tests/base_test.py:23: in setUp
    from MainWindow import MainWindow
_ _ _ _ _ _ _ _ _ _ _ _ _ _ _ _ _ _ _ _ _ _ _ _ _ _ _ _ _ _ _ _ _ _ _ _ _ _ _ _ 

    import yaml
    import subprocess
    from pathlib import Path
    import os
    from PyQt5.QtCore import Qt
    from PyQt5.QtWidgets import (
        QMainWindow, QVBoxLayout, QPushButton, QWidget, QHBoxLayout,
        QFileDialog, QComboBox, QLineEdit, QLabel, QMessageBox, QTextEdit
    )
    from PyQt5.QtGui import QKeySequence  # Nuovo import
    
>   from .Timeline import *
E   ImportError: attempted relative import with no known parent package

src/MainWindow.py:12: ImportError
________________ SpecificBehaviorTest.test_clipboard_operations ________________
tests/base_test.py:23: in setUp
    from MainWindow import MainWindow
_ _ _ _ _ _ _ _ _ _ _ _ _ _ _ _ _ _ _ _ _ _ _ _ _ _ _ _ _ _ _ _ _ _ _ _ _ _ _ _ 

    import yaml
    import subprocess
    from pathlib import Path
    import os
    from PyQt5.QtCore import Qt
    from PyQt5.QtWidgets import (
        QMainWindow, QVBoxLayout, QPushButton, QWidget, QHBoxLayout,
        QFileDialog, QComboBox, QLineEdit, QLabel, QMessageBox, QTextEdit
    )
    from PyQt5.QtGui import QKeySequence  # Nuovo import
    
>   from .Timeline import *
E   ImportError: attempted relative import with no known parent package

src/MainWindow.py:12: ImportError
_______________ SpecificBehaviorTest.test_multi_monitor_support ________________
tests/base_test.py:23: in setUp
    from MainWindow import MainWindow
_ _ _ _ _ _ _ _ _ _ _ _ _ _ _ _ _ _ _ _ _ _ _ _ _ _ _ _ _ _ _ _ _ _ _ _ _ _ _ _ 

    import yaml
    import subprocess
    from pathlib import Path
    import os
    from PyQt5.QtCore import Qt
    from PyQt5.QtWidgets import (
        QMainWindow, QVBoxLayout, QPushButton, QWidget, QHBoxLayout,
        QFileDialog, QComboBox, QLineEdit, QLabel, QMessageBox, QTextEdit
    )
    from PyQt5.QtGui import QKeySequence  # Nuovo import
    
>   from .Timeline import *
E   ImportError: attempted relative import with no known parent package

src/MainWindow.py:12: ImportError
_________________ SpecificBehaviorTest.test_state_consistency __________________
tests/base_test.py:23: in setUp
    from MainWindow import MainWindow
_ _ _ _ _ _ _ _ _ _ _ _ _ _ _ _ _ _ _ _ _ _ _ _ _ _ _ _ _ _ _ _ _ _ _ _ _ _ _ _ 

    import yaml
    import subprocess
    from pathlib import Path
    import os
    from PyQt5.QtCore import Qt
    from PyQt5.QtWidgets import (
        QMainWindow, QVBoxLayout, QPushButton, QWidget, QHBoxLayout,
        QFileDialog, QComboBox, QLineEdit, QLabel, QMessageBox, QTextEdit
    )
    from PyQt5.QtGui import QKeySequence  # Nuovo import
    
>   from .Timeline import *
E   ImportError: attempted relative import with no known parent package

src/MainWindow.py:12: ImportError
_____________________ StressTest.test_multiple_selections ______________________
tests/base_test.py:23: in setUp
    from MainWindow import MainWindow
_ _ _ _ _ _ _ _ _ _ _ _ _ _ _ _ _ _ _ _ _ _ _ _ _ _ _ _ _ _ _ _ _ _ _ _ _ _ _ _ 

    import yaml
    import subprocess
    from pathlib import Path
    import os
    from PyQt5.QtCore import Qt
    from PyQt5.QtWidgets import (
        QMainWindow, QVBoxLayout, QPushButton, QWidget, QHBoxLayout,
        QFileDialog, QComboBox, QLineEdit, QLabel, QMessageBox, QTextEdit
    )
    from PyQt5.QtGui import QKeySequence  # Nuovo import
    
>   from .Timeline import *
E   ImportError: attempted relative import with no known parent package

src/MainWindow.py:12: ImportError
_______________________ StressTest.test_rapid_operations _______________________
tests/base_test.py:23: in setUp
    from MainWindow import MainWindow
_ _ _ _ _ _ _ _ _ _ _ _ _ _ _ _ _ _ _ _ _ _ _ _ _ _ _ _ _ _ _ _ _ _ _ _ _ _ _ _ 

    import yaml
    import subprocess
    from pathlib import Path
    import os
    from PyQt5.QtCore import Qt
    from PyQt5.QtWidgets import (
        QMainWindow, QVBoxLayout, QPushButton, QWidget, QHBoxLayout,
        QFileDialog, QComboBox, QLineEdit, QLabel, QMessageBox, QTextEdit
    )
    from PyQt5.QtGui import QKeySequence  # Nuovo import
    
>   from .Timeline import *
E   ImportError: attempted relative import with no known parent package

src/MainWindow.py:12: ImportError
______________________ TrackHeaderTest.test_button_states ______________________

self = <tests.timeline.test_timeline_track_header.TrackHeaderTest testMethod=test_button_states>

    def setUp(self):
>       super().setUp()

tests/timeline/test_timeline_track_header.py:11: 
_ _ _ _ _ _ _ _ _ _ _ _ _ _ _ _ _ _ _ _ _ _ _ _ _ _ _ _ _ _ _ _ _ _ _ _ _ _ _ _ 
tests/base_test.py:23: in setUp
    from MainWindow import MainWindow
_ _ _ _ _ _ _ _ _ _ _ _ _ _ _ _ _ _ _ _ _ _ _ _ _ _ _ _ _ _ _ _ _ _ _ _ _ _ _ _ 

    import yaml
    import subprocess
    from pathlib import Path
    import os
    from PyQt5.QtCore import Qt
    from PyQt5.QtWidgets import (
        QMainWindow, QVBoxLayout, QPushButton, QWidget, QHBoxLayout,
        QFileDialog, QComboBox, QLineEdit, QLabel, QMessageBox, QTextEdit
    )
    from PyQt5.QtGui import QKeySequence  # Nuovo import
    
>   from .Timeline import *
E   ImportError: attempted relative import with no known parent package

src/MainWindow.py:12: ImportError
______________________ TrackHeaderTest.test_editable_text ______________________

self = <tests.timeline.test_timeline_track_header.TrackHeaderTest testMethod=test_editable_text>

    def setUp(self):
>       super().setUp()

tests/timeline/test_timeline_track_header.py:11: 
_ _ _ _ _ _ _ _ _ _ _ _ _ _ _ _ _ _ _ _ _ _ _ _ _ _ _ _ _ _ _ _ _ _ _ _ _ _ _ _ 
tests/base_test.py:23: in setUp
    from MainWindow import MainWindow
_ _ _ _ _ _ _ _ _ _ _ _ _ _ _ _ _ _ _ _ _ _ _ _ _ _ _ _ _ _ _ _ _ _ _ _ _ _ _ _ 

    import yaml
    import subprocess
    from pathlib import Path
    import os
    from PyQt5.QtCore import Qt
    from PyQt5.QtWidgets import (
        QMainWindow, QVBoxLayout, QPushButton, QWidget, QHBoxLayout,
        QFileDialog, QComboBox, QLineEdit, QLabel, QMessageBox, QTextEdit
    )
    from PyQt5.QtGui import QKeySequence  # Nuovo import
    
>   from .Timeline import *
E   ImportError: attempted relative import with no known parent package

src/MainWindow.py:12: ImportError
____________________ TrackHeaderTest.test_mute_solo_buttons ____________________

self = <tests.timeline.test_timeline_track_header.TrackHeaderTest testMethod=test_mute_solo_buttons>

    def setUp(self):
>       super().setUp()

tests/timeline/test_timeline_track_header.py:11: 
_ _ _ _ _ _ _ _ _ _ _ _ _ _ _ _ _ _ _ _ _ _ _ _ _ _ _ _ _ _ _ _ _ _ _ _ _ _ _ _ 
tests/base_test.py:23: in setUp
    from MainWindow import MainWindow
_ _ _ _ _ _ _ _ _ _ _ _ _ _ _ _ _ _ _ _ _ _ _ _ _ _ _ _ _ _ _ _ _ _ _ _ _ _ _ _ 

    import yaml
    import subprocess
    from pathlib import Path
    import os
    from PyQt5.QtCore import Qt
    from PyQt5.QtWidgets import (
        QMainWindow, QVBoxLayout, QPushButton, QWidget, QHBoxLayout,
        QFileDialog, QComboBox, QLineEdit, QLabel, QMessageBox, QTextEdit
    )
    from PyQt5.QtGui import QKeySequence  # Nuovo import
    
>   from .Timeline import *
E   ImportError: attempted relative import with no known parent package

src/MainWindow.py:12: ImportError
__________________ TrackHeaderTest.test_track_header_creation __________________

self = <tests.timeline.test_timeline_track_header.TrackHeaderTest testMethod=test_track_header_creation>

    def setUp(self):
>       super().setUp()

tests/timeline/test_timeline_track_header.py:11: 
_ _ _ _ _ _ _ _ _ _ _ _ _ _ _ _ _ _ _ _ _ _ _ _ _ _ _ _ _ _ _ _ _ _ _ _ _ _ _ _ 
tests/base_test.py:23: in setUp
    from MainWindow import MainWindow
_ _ _ _ _ _ _ _ _ _ _ _ _ _ _ _ _ _ _ _ _ _ _ _ _ _ _ _ _ _ _ _ _ _ _ _ _ _ _ _ 

    import yaml
    import subprocess
    from pathlib import Path
    import os
    from PyQt5.QtCore import Qt
    from PyQt5.QtWidgets import (
        QMainWindow, QVBoxLayout, QPushButton, QWidget, QHBoxLayout,
        QFileDialog, QComboBox, QLineEdit, QLabel, QMessageBox, QTextEdit
    )
    from PyQt5.QtGui import QKeySequence  # Nuovo import
    
>   from .Timeline import *
E   ImportError: attempted relative import with no known parent package

src/MainWindow.py:12: ImportError
_____________________ TrackHeaderTest.test_track_renaming ______________________

self = <tests.timeline.test_timeline_track_header.TrackHeaderTest testMethod=test_track_renaming>

    def setUp(self):
>       super().setUp()

tests/timeline/test_timeline_track_header.py:11: 
_ _ _ _ _ _ _ _ _ _ _ _ _ _ _ _ _ _ _ _ _ _ _ _ _ _ _ _ _ _ _ _ _ _ _ _ _ _ _ _ 
tests/base_test.py:23: in setUp
    from MainWindow import MainWindow
_ _ _ _ _ _ _ _ _ _ _ _ _ _ _ _ _ _ _ _ _ _ _ _ _ _ _ _ _ _ _ _ _ _ _ _ _ _ _ _ 

    import yaml
    import subprocess
    from pathlib import Path
    import os
    from PyQt5.QtCore import Qt
    from PyQt5.QtWidgets import (
        QMainWindow, QVBoxLayout, QPushButton, QWidget, QHBoxLayout,
        QFileDialog, QComboBox, QLineEdit, QLabel, QMessageBox, QTextEdit
    )
    from PyQt5.QtGui import QKeySequence  # Nuovo import
    
>   from .Timeline import *
E   ImportError: attempted relative import with no known parent package

src/MainWindow.py:12: ImportError
_____________________ TrackHeaderTest.test_track_selection _____________________

self = <tests.timeline.test_timeline_track_header.TrackHeaderTest testMethod=test_track_selection>

    def setUp(self):
>       super().setUp()

tests/timeline/test_timeline_track_header.py:11: 
_ _ _ _ _ _ _ _ _ _ _ _ _ _ _ _ _ _ _ _ _ _ _ _ _ _ _ _ _ _ _ _ _ _ _ _ _ _ _ _ 
tests/base_test.py:23: in setUp
    from MainWindow import MainWindow
_ _ _ _ _ _ _ _ _ _ _ _ _ _ _ _ _ _ _ _ _ _ _ _ _ _ _ _ _ _ _ _ _ _ _ _ _ _ _ _ 

    import yaml
    import subprocess
    from pathlib import Path
    import os
    from PyQt5.QtCore import Qt
    from PyQt5.QtWidgets import (
        QMainWindow, QVBoxLayout, QPushButton, QWidget, QHBoxLayout,
        QFileDialog, QComboBox, QLineEdit, QLabel, QMessageBox, QTextEdit
    )
    from PyQt5.QtGui import QKeySequence  # Nuovo import
    
>   from .Timeline import *
E   ImportError: attempted relative import with no known parent package

src/MainWindow.py:12: ImportError
_______________________ TimelineViewTest.test_drag_mode ________________________
tests/base_test.py:23: in setUp
    from MainWindow import MainWindow
_ _ _ _ _ _ _ _ _ _ _ _ _ _ _ _ _ _ _ _ _ _ _ _ _ _ _ _ _ _ _ _ _ _ _ _ _ _ _ _ 

    import yaml
    import subprocess
    from pathlib import Path
    import os
    from PyQt5.QtCore import Qt
    from PyQt5.QtWidgets import (
        QMainWindow, QVBoxLayout, QPushButton, QWidget, QHBoxLayout,
        QFileDialog, QComboBox, QLineEdit, QLabel, QMessageBox, QTextEdit
    )
    from PyQt5.QtGui import QKeySequence  # Nuovo import
    
>   from .Timeline import *
E   ImportError: attempted relative import with no known parent package

src/MainWindow.py:12: ImportError
___________________ TimelineViewTest.test_keyboard_shortcuts ___________________
tests/base_test.py:23: in setUp
    from MainWindow import MainWindow
_ _ _ _ _ _ _ _ _ _ _ _ _ _ _ _ _ _ _ _ _ _ _ _ _ _ _ _ _ _ _ _ _ _ _ _ _ _ _ _ 

    import yaml
    import subprocess
    from pathlib import Path
    import os
    from PyQt5.QtCore import Qt
    from PyQt5.QtWidgets import (
        QMainWindow, QVBoxLayout, QPushButton, QWidget, QHBoxLayout,
        QFileDialog, QComboBox, QLineEdit, QLabel, QMessageBox, QTextEdit
    )
    from PyQt5.QtGui import QKeySequence  # Nuovo import
    
>   from .Timeline import *
E   ImportError: attempted relative import with no known parent package

src/MainWindow.py:12: ImportError
_________________ TimelineViewTest.test_rubber_band_selection __________________
tests/base_test.py:23: in setUp
    from MainWindow import MainWindow
_ _ _ _ _ _ _ _ _ _ _ _ _ _ _ _ _ _ _ _ _ _ _ _ _ _ _ _ _ _ _ _ _ _ _ _ _ _ _ _ 

    import yaml
    import subprocess
    from pathlib import Path
    import os
    from PyQt5.QtCore import Qt
    from PyQt5.QtWidgets import (
        QMainWindow, QVBoxLayout, QPushButton, QWidget, QHBoxLayout,
        QFileDialog, QComboBox, QLineEdit, QLabel, QMessageBox, QTextEdit
    )
    from PyQt5.QtGui import QKeySequence  # Nuovo import
    
>   from .Timeline import *
E   ImportError: attempted relative import with no known parent package

src/MainWindow.py:12: ImportError
______________________ TimelineViewTest.test_zoom_timeout ______________________
tests/base_test.py:23: in setUp
    from MainWindow import MainWindow
_ _ _ _ _ _ _ _ _ _ _ _ _ _ _ _ _ _ _ _ _ _ _ _ _ _ _ _ _ _ _ _ _ _ _ _ _ _ _ _ 

    import yaml
    import subprocess
    from pathlib import Path
    import os
    from PyQt5.QtCore import Qt
    from PyQt5.QtWidgets import (
        QMainWindow, QVBoxLayout, QPushButton, QWidget, QHBoxLayout,
        QFileDialog, QComboBox, QLineEdit, QLabel, QMessageBox, QTextEdit
    )
    from PyQt5.QtGui import QKeySequence  # Nuovo import
    
>   from .Timeline import *
E   ImportError: attempted relative import with no known parent package

src/MainWindow.py:12: ImportError
__________________ ComplexUITest.test_multi_view_interaction ___________________
tests/base_test.py:23: in setUp
    from MainWindow import MainWindow
_ _ _ _ _ _ _ _ _ _ _ _ _ _ _ _ _ _ _ _ _ _ _ _ _ _ _ _ _ _ _ _ _ _ _ _ _ _ _ _ 

    import yaml
    import subprocess
    from pathlib import Path
    import os
    from PyQt5.QtCore import Qt
    from PyQt5.QtWidgets import (
        QMainWindow, QVBoxLayout, QPushButton, QWidget, QHBoxLayout,
        QFileDialog, QComboBox, QLineEdit, QLabel, QMessageBox, QTextEdit
    )
    from PyQt5.QtGui import QKeySequence  # Nuovo import
    
>   from .Timeline import *
E   ImportError: attempted relative import with no known parent package

src/MainWindow.py:12: ImportError
_____________________ MainWindowTest.test_grid_operations ______________________
tests/base_test.py:23: in setUp
    from MainWindow import MainWindow
_ _ _ _ _ _ _ _ _ _ _ _ _ _ _ _ _ _ _ _ _ _ _ _ _ _ _ _ _ _ _ _ _ _ _ _ _ _ _ _ 

    import yaml
    import subprocess
    from pathlib import Path
    import os
    from PyQt5.QtCore import Qt
    from PyQt5.QtWidgets import (
        QMainWindow, QVBoxLayout, QPushButton, QWidget, QHBoxLayout,
        QFileDialog, QComboBox, QLineEdit, QLabel, QMessageBox, QTextEdit
    )
    from PyQt5.QtGui import QKeySequence  # Nuovo import
    
>   from .Timeline import *
E   ImportError: attempted relative import with no known parent package

src/MainWindow.py:12: ImportError
_______________________ MainWindowTest.test_log_message ________________________
tests/base_test.py:23: in setUp
    from MainWindow import MainWindow
_ _ _ _ _ _ _ _ _ _ _ _ _ _ _ _ _ _ _ _ _ _ _ _ _ _ _ _ _ _ _ _ _ _ _ _ _ _ _ _ 

    import yaml
    import subprocess
    from pathlib import Path
    import os
    from PyQt5.QtCore import Qt
    from PyQt5.QtWidgets import (
        QMainWindow, QVBoxLayout, QPushButton, QWidget, QHBoxLayout,
        QFileDialog, QComboBox, QLineEdit, QLabel, QMessageBox, QTextEdit
    )
    from PyQt5.QtGui import QKeySequence  # Nuovo import
    
>   from .Timeline import *
E   ImportError: attempted relative import with no known parent package

src/MainWindow.py:12: ImportError
_______________________ MainWindowTest.test_make_command _______________________
tests/base_test.py:23: in setUp
    from MainWindow import MainWindow
_ _ _ _ _ _ _ _ _ _ _ _ _ _ _ _ _ _ _ _ _ _ _ _ _ _ _ _ _ _ _ _ _ _ _ _ _ _ _ _ 

    import yaml
    import subprocess
    from pathlib import Path
    import os
    from PyQt5.QtCore import Qt
    from PyQt5.QtWidgets import (
        QMainWindow, QVBoxLayout, QPushButton, QWidget, QHBoxLayout,
        QFileDialog, QComboBox, QLineEdit, QLabel, QMessageBox, QTextEdit
    )
    from PyQt5.QtGui import QKeySequence  # Nuovo import
    
>   from .Timeline import *
E   ImportError: attempted relative import with no known parent package

src/MainWindow.py:12: ImportError
_______________________ MainWindowTest.test_menu_actions _______________________
tests/base_test.py:23: in setUp
    from MainWindow import MainWindow
_ _ _ _ _ _ _ _ _ _ _ _ _ _ _ _ _ _ _ _ _ _ _ _ _ _ _ _ _ _ _ _ _ _ _ _ _ _ _ _ 

    import yaml
    import subprocess
    from pathlib import Path
    import os
    from PyQt5.QtCore import Qt
    from PyQt5.QtWidgets import (
        QMainWindow, QVBoxLayout, QPushButton, QWidget, QHBoxLayout,
        QFileDialog, QComboBox, QLineEdit, QLabel, QMessageBox, QTextEdit
    )
    from PyQt5.QtGui import QKeySequence  # Nuovo import
    
>   from .Timeline import *
E   ImportError: attempted relative import with no known parent package

src/MainWindow.py:12: ImportError
____________________ MainWindowTest.test_modify_item_width _____________________
tests/base_test.py:23: in setUp
    from MainWindow import MainWindow
_ _ _ _ _ _ _ _ _ _ _ _ _ _ _ _ _ _ _ _ _ _ _ _ _ _ _ _ _ _ _ _ _ _ _ _ _ _ _ _ 

    import yaml
    import subprocess
    from pathlib import Path
    import os
    from PyQt5.QtCore import Qt
    from PyQt5.QtWidgets import (
        QMainWindow, QVBoxLayout, QPushButton, QWidget, QHBoxLayout,
        QFileDialog, QComboBox, QLineEdit, QLabel, QMessageBox, QTextEdit
    )
    from PyQt5.QtGui import QKeySequence  # Nuovo import
    
>   from .Timeline import *
E   ImportError: attempted relative import with no known parent package

src/MainWindow.py:12: ImportError
___________________ MainWindowTest.test_search_functionality ___________________
tests/base_test.py:23: in setUp
    from MainWindow import MainWindow
_ _ _ _ _ _ _ _ _ _ _ _ _ _ _ _ _ _ _ _ _ _ _ _ _ _ _ _ _ _ _ _ _ _ _ _ _ _ _ _ 

    import yaml
    import subprocess
    from pathlib import Path
    import os
    from PyQt5.QtCore import Qt
    from PyQt5.QtWidgets import (
        QMainWindow, QVBoxLayout, QPushButton, QWidget, QHBoxLayout,
        QFileDialog, QComboBox, QLineEdit, QLabel, QMessageBox, QTextEdit
    )
    from PyQt5.QtGui import QKeySequence  # Nuovo import
    
>   from .Timeline import *
E   ImportError: attempted relative import with no known parent package

src/MainWindow.py:12: ImportError
_____________________ MainWindowTest.test_shortcuts_dialog _____________________
tests/base_test.py:23: in setUp
    from MainWindow import MainWindow
_ _ _ _ _ _ _ _ _ _ _ _ _ _ _ _ _ _ _ _ _ _ _ _ _ _ _ _ _ _ _ _ _ _ _ _ _ _ _ _ 

    import yaml
    import subprocess
    from pathlib import Path
    import os
    from PyQt5.QtCore import Qt
    from PyQt5.QtWidgets import (
        QMainWindow, QVBoxLayout, QPushButton, QWidget, QHBoxLayout,
        QFileDialog, QComboBox, QLineEdit, QLabel, QMessageBox, QTextEdit
    )
    from PyQt5.QtGui import QKeySequence  # Nuovo import
    
>   from .Timeline import *
E   ImportError: attempted relative import with no known parent package

src/MainWindow.py:12: ImportError
___________________ MainWindowTest.test_window_title_update ____________________
tests/base_test.py:23: in setUp
    from MainWindow import MainWindow
_ _ _ _ _ _ _ _ _ _ _ _ _ _ _ _ _ _ _ _ _ _ _ _ _ _ _ _ _ _ _ _ _ _ _ _ _ _ _ _ 

    import yaml
    import subprocess
    from pathlib import Path
    import os
    from PyQt5.QtCore import Qt
    from PyQt5.QtWidgets import (
        QMainWindow, QVBoxLayout, QPushButton, QWidget, QHBoxLayout,
        QFileDialog, QComboBox, QLineEdit, QLabel, QMessageBox, QTextEdit
    )
    from PyQt5.QtGui import QKeySequence  # Nuovo import
    
>   from .Timeline import *
E   ImportError: attempted relative import with no known parent package

src/MainWindow.py:12: ImportError
__________________ UIInteractionTest.test_keyboard_shortcuts ___________________
tests/base_test.py:23: in setUp
    from MainWindow import MainWindow
_ _ _ _ _ _ _ _ _ _ _ _ _ _ _ _ _ _ _ _ _ _ _ _ _ _ _ _ _ _ _ _ _ _ _ _ _ _ _ _ 

    import yaml
    import subprocess
    from pathlib import Path
    import os
    from PyQt5.QtCore import Qt
    from PyQt5.QtWidgets import (
        QMainWindow, QVBoxLayout, QPushButton, QWidget, QHBoxLayout,
        QFileDialog, QComboBox, QLineEdit, QLabel, QMessageBox, QTextEdit
    )
    from PyQt5.QtGui import QKeySequence  # Nuovo import
    
>   from .Timeline import *
E   ImportError: attempted relative import with no known parent package

src/MainWindow.py:12: ImportError
_________________ UIInteractionTest.test_search_functionality __________________
tests/base_test.py:23: in setUp
    from MainWindow import MainWindow
_ _ _ _ _ _ _ _ _ _ _ _ _ _ _ _ _ _ _ _ _ _ _ _ _ _ _ _ _ _ _ _ _ _ _ _ _ _ _ _ 

    import yaml
    import subprocess
    from pathlib import Path
    import os
    from PyQt5.QtCore import Qt
    from PyQt5.QtWidgets import (
        QMainWindow, QVBoxLayout, QPushButton, QWidget, QHBoxLayout,
        QFileDialog, QComboBox, QLineEdit, QLabel, QMessageBox, QTextEdit
    )
    from PyQt5.QtGui import QKeySequence  # Nuovo import
    
>   from .Timeline import *
E   ImportError: attempted relative import with no known parent package

src/MainWindow.py:12: ImportError
=========================== short test summary info ============================
FAILED tests/commands/test_commands.py::CommandsTest::test_command_stack_limit
FAILED tests/commands/test_commands.py::CommandsTest::test_move_command - Imp...
FAILED tests/commands/test_commands.py::CommandsTest::test_redo_stack_clear
FAILED tests/dialogs/test_dialogs.py::DialogTest::test_param_dialog - ImportE...
FAILED tests/dialogs/test_dialogs.py::DialogTest::test_param_validation - Imp...
FAILED tests/dialogs/test_dialogs.py::DialogTest::test_rename_dialog - Import...
FAILED tests/dialogs/test_param_dialog.py::ParamDialogTest::test_color_selection
FAILED tests/dialogs/test_param_dialog.py::ParamDialogTest::test_key_events
FAILED tests/dialogs/test_param_dialog.py::ParamDialogTest::test_parameter_list_handling
FAILED tests/dialogs/test_param_dialog.py::ParamDialogTest::test_parameter_validation
FAILED tests/dialogs/test_rename_dialog.py::RenameDialogTest::test_dialog_validation
FAILED tests/integration/test_complex_event.py::ComplexEventTest::test_concurrent_operations
FAILED tests/integration/test_dialog_integration.py::DialogIntegrationTest::test_param_dialog_update_timeline
FAILED tests/integration/test_dialog_integration.py::DialogIntegrationTest::test_settings_dialog_live_update
FAILED tests/integration/test_event_handling_complex.py::ComplexEventHandlingTest::test_multi_track_operations
FAILED tests/integration/test_event_handling_complex.py::ComplexEventHandlingTest::test_undo_redo_complex_operations
FAILED tests/integration/test_file_operations_advanced.py::AdvancedFileTest::test_autosave_behavior
FAILED tests/integration/test_file_operations_advanced.py::AdvancedFileTest::test_file_state_recovery
FAILED tests/integration/test_file_operations_basic.py::FileOperationsTest::test_save_and_load
FAILED tests/integration/test_view_sync.py::ViewSyncTest::test_scroll_sync_complex
FAILED tests/integration/test_view_sync.py::ViewSyncTest::test_selection_sync
FAILED tests/performance/test_performance.py::PerformanceTest::test_memory_usage
FAILED tests/performance/test_performance.py::PerformanceTest::test_zoom_performance
FAILED tests/performance/test_performance_edge_case.py::PerformanceEdgeCaseTest::test_large_timeline_performance
FAILED tests/performance/test_performance_edge_case.py::PerformanceEdgeCaseTest::test_rapid_operation_stability
FAILED tests/settings/test_settings.py::SettingsTest::test_default_settings
FAILED tests/settings/test_settings.py::SettingsTest::test_file_permissions
FAILED tests/settings/test_settings.py::SettingsTest::test_missing_settings_file
FAILED tests/settings/test_settings.py::SettingsTest::test_settings_persistence
FAILED tests/settings/test_settings.py::SettingsTest::test_settings_update - ...
FAILED tests/settings/test_settings_dialog.py::SettingsDialogTest::test_color_settings
FAILED tests/settings/test_settings_dialog.py::SettingsDialogTest::test_directory_selection
FAILED tests/timeline/test_music_items.py::MusicItemTest::test_color_changes
FAILED tests/timeline/test_music_items.py::MusicItemTest::test_group_movement
FAILED tests/timeline/test_music_items.py::MusicItemTest::test_item_creation
FAILED tests/timeline/test_music_items.py::MusicItemTest::test_item_height_update
FAILED tests/timeline/test_music_items.py::MusicItemTest::test_item_scaling
FAILED tests/timeline/test_music_items.py::MusicItemTest::test_mouse_interaction
FAILED tests/timeline/test_music_items.py::MusicItemTest::test_parameter_update
FAILED tests/timeline/test_music_items.py::MusicItemTest::test_text_style_update
FAILED tests/timeline/test_timeline.py::TimelineTest::test_draw_tracks_update_headers
FAILED tests/timeline/test_timeline.py::TimelineTest::test_initialize_components
FAILED tests/timeline/test_timeline.py::TimelineTest::test_move_track - Impor...
FAILED tests/timeline/test_timeline.py::TimelineTest::test_scale_track_height_constraints
FAILED tests/timeline/test_timeline.py::TimelineTest::test_scene_rect_update
FAILED tests/timeline/test_timeline.py::TimelineTest::test_track_color_update
FAILED tests/timeline/test_timeline_container.py::TimelineContainerTest::test_header_width_update
FAILED tests/timeline/test_timeline_container.py::TimelineContainerTest::test_initialize_views
FAILED tests/timeline/test_timeline_container.py::TimelineContainerTest::test_keyboard_events
FAILED tests/timeline/test_timeline_container.py::TimelineContainerTest::test_ruler_update
FAILED tests/timeline/test_timeline_container.py::TimelineContainerTest::test_scroll_synchronization
FAILED tests/timeline/test_timeline_container.py::TimelineContainerTest::test_splitter_constraints
FAILED tests/timeline/test_timeline_container.py::TimelineContainerTest::test_splitter_movement
FAILED tests/timeline/test_timeline_container.py::TimelineContainerTest::test_view_synchronization
FAILED tests/timeline/test_timeline_container.py::TimelineContainerTest::test_viewport_margins
FAILED tests/timeline/test_timeline_container.py::TimelineContainerTest::test_views_initialization
FAILED tests/timeline/test_timeline_core.py::TimelineCoreTest::test_track_management
FAILED tests/timeline/test_timeline_core.py::TimelineCoreTest::test_zoom_functionality
FAILED tests/timeline/test_timeline_edge_cases.py::EdgeCasesTest::test_boundary_movements
FAILED tests/timeline/test_timeline_edge_cases.py::EdgeCasesTest::test_invalid_file_load
FAILED tests/timeline/test_timeline_edge_cases.py::EdgeCasesTest::test_item_overlap_behavior
FAILED tests/timeline/test_timeline_error_handling.py::ErrorHandlingTest::test_corrupted_settings
FAILED tests/timeline/test_timeline_error_handling.py::ErrorHandlingTest::test_invalid_file_operations
FAILED tests/timeline/test_timeline_recovery.py::RecoveryTest::test_corrupted_file_recovery
FAILED tests/timeline/test_timeline_recovery.py::RecoveryTest::test_invalid_parameter_recovery
FAILED tests/timeline/test_timeline_ruler.py::TimelineRulerTest::test_color_update
FAILED tests/timeline/test_timeline_ruler.py::TimelineRulerTest::test_interval_calculation
FAILED tests/timeline/test_timeline_ruler.py::TimelineRulerTest::test_ruler_scroll_sync
FAILED tests/timeline/test_timeline_ruler.py::TimelineRulerTest::test_ruler_zoom_sync
FAILED tests/timeline/test_timeline_ruler.py::TimelineRulerTest::test_time_markers
FAILED tests/timeline/test_timeline_specific_behavior.py::SpecificBehaviorTest::test_clipboard_operations
FAILED tests/timeline/test_timeline_specific_behavior.py::SpecificBehaviorTest::test_multi_monitor_support
FAILED tests/timeline/test_timeline_specific_behavior.py::SpecificBehaviorTest::test_state_consistency
FAILED tests/timeline/test_timeline_stress.py::StressTest::test_multiple_selections
FAILED tests/timeline/test_timeline_stress.py::StressTest::test_rapid_operations
FAILED tests/timeline/test_timeline_track_header.py::TrackHeaderTest::test_button_states
FAILED tests/timeline/test_timeline_track_header.py::TrackHeaderTest::test_editable_text
FAILED tests/timeline/test_timeline_track_header.py::TrackHeaderTest::test_mute_solo_buttons
FAILED tests/timeline/test_timeline_track_header.py::TrackHeaderTest::test_track_header_creation
FAILED tests/timeline/test_timeline_track_header.py::TrackHeaderTest::test_track_renaming
FAILED tests/timeline/test_timeline_track_header.py::TrackHeaderTest::test_track_selection
FAILED tests/timeline/test_timeline_view.py::TimelineViewTest::test_drag_mode
FAILED tests/timeline/test_timeline_view.py::TimelineViewTest::test_keyboard_shortcuts
FAILED tests/timeline/test_timeline_view.py::TimelineViewTest::test_rubber_band_selection
FAILED tests/timeline/test_timeline_view.py::TimelineViewTest::test_zoom_timeout
FAILED tests/ui/test_complex_ui.py::ComplexUITest::test_multi_view_interaction
FAILED tests/ui/test_main_window.py::MainWindowTest::test_grid_operations - I...
FAILED tests/ui/test_main_window.py::MainWindowTest::test_log_message - Impor...
FAILED tests/ui/test_main_window.py::MainWindowTest::test_make_command - Impo...
FAILED tests/ui/test_main_window.py::MainWindowTest::test_menu_actions - Impo...
FAILED tests/ui/test_main_window.py::MainWindowTest::test_modify_item_width
FAILED tests/ui/test_main_window.py::MainWindowTest::test_search_functionality
FAILED tests/ui/test_main_window.py::MainWindowTest::test_shortcuts_dialog - ...
FAILED tests/ui/test_main_window.py::MainWindowTest::test_window_title_update
FAILED tests/ui/test_ui_interaction.py::UIInteractionTest::test_keyboard_shortcuts
FAILED tests/ui/test_ui_interaction.py::UIInteractionTest::test_search_functionality
============================== 96 failed in 0.72s ==============================
